CRITICAL - 2023-02-13 00:32:07 --> opendir(./pdf/root): failed to open dir: No such file or directory
in APPPATH/Controllers/ExplorerController.php on line 54.
 1 [internal function]: CodeIgniter\Debug\Exceptions->errorHandler()
 2 APPPATH/Controllers/ExplorerController.php(54): opendir()
 3 APPPATH/Controllers/ExplorerController.php(21): App\Controllers\ExplorerController::explore()
 4 SYSTEMPATH/CodeIgniter.php(934): App\Controllers\ExplorerController->getTree()
 5 SYSTEMPATH/CodeIgniter.php(499): CodeIgniter\CodeIgniter->runController()
 6 SYSTEMPATH/CodeIgniter.php(368): CodeIgniter\CodeIgniter->handleRequest()
 7 FCPATH/index.php(67): CodeIgniter\CodeIgniter->run()
 8 SYSTEMPATH/Commands/Server/rewrite.php(47): require_once('FCPATH/index.php')
CRITICAL - 2023-02-13 00:32:14 --> opendir(./pdf/root): failed to open dir: No such file or directory
in APPPATH/Controllers/ExplorerController.php on line 54.
 1 [internal function]: CodeIgniter\Debug\Exceptions->errorHandler()
 2 APPPATH/Controllers/ExplorerController.php(54): opendir()
 3 APPPATH/Controllers/ExplorerController.php(21): App\Controllers\ExplorerController::explore()
 4 SYSTEMPATH/CodeIgniter.php(934): App\Controllers\ExplorerController->getTree()
 5 SYSTEMPATH/CodeIgniter.php(499): CodeIgniter\CodeIgniter->runController()
 6 SYSTEMPATH/CodeIgniter.php(368): CodeIgniter\CodeIgniter->handleRequest()
 7 FCPATH/index.php(67): CodeIgniter\CodeIgniter->run()
 8 SYSTEMPATH/Commands/Server/rewrite.php(47): require_once('FCPATH/index.php')
CRITICAL - 2023-02-13 00:33:05 --> opendir(./pdf/root): failed to open dir: No such file or directory
in APPPATH/Controllers/ExplorerController.php on line 54.
 1 [internal function]: CodeIgniter\Debug\Exceptions->errorHandler()
 2 APPPATH/Controllers/ExplorerController.php(54): opendir()
 3 APPPATH/Controllers/ExplorerController.php(21): App\Controllers\ExplorerController::explore()
 4 SYSTEMPATH/CodeIgniter.php(934): App\Controllers\ExplorerController->getTree()
 5 SYSTEMPATH/CodeIgniter.php(499): CodeIgniter\CodeIgniter->runController()
 6 SYSTEMPATH/CodeIgniter.php(368): CodeIgniter\CodeIgniter->handleRequest()
 7 FCPATH/index.php(67): CodeIgniter\CodeIgniter->run()
 8 SYSTEMPATH/Commands/Server/rewrite.php(47): require_once('FCPATH/index.php')
CRITICAL - 2023-02-13 00:38:15 --> opendir(./pdf/root): failed to open dir: No such file or directory
in APPPATH/Controllers/ExplorerController.php on line 54.
 1 [internal function]: CodeIgniter\Debug\Exceptions->errorHandler()
 2 APPPATH/Controllers/ExplorerController.php(54): opendir()
 3 APPPATH/Controllers/ExplorerController.php(21): App\Controllers\ExplorerController::explore()
 4 SYSTEMPATH/CodeIgniter.php(934): App\Controllers\ExplorerController->getTree()
 5 SYSTEMPATH/CodeIgniter.php(499): CodeIgniter\CodeIgniter->runController()
 6 SYSTEMPATH/CodeIgniter.php(368): CodeIgniter\CodeIgniter->handleRequest()
 7 FCPATH/index.php(67): CodeIgniter\CodeIgniter->run()
 8 SYSTEMPATH/Commands/Server/rewrite.php(47): require_once('FCPATH/index.php')
CRITICAL - 2023-02-13 00:38:37 --> opendir(./pdf/root): failed to open dir: No such file or directory
in APPPATH/Controllers/ExplorerController.php on line 54.
 1 [internal function]: CodeIgniter\Debug\Exceptions->errorHandler()
 2 APPPATH/Controllers/ExplorerController.php(54): opendir()
 3 APPPATH/Controllers/ExplorerController.php(21): App\Controllers\ExplorerController::explore()
 4 SYSTEMPATH/CodeIgniter.php(934): App\Controllers\ExplorerController->getTree()
 5 SYSTEMPATH/CodeIgniter.php(499): CodeIgniter\CodeIgniter->runController()
 6 SYSTEMPATH/CodeIgniter.php(368): CodeIgniter\CodeIgniter->handleRequest()
 7 FCPATH/index.php(67): CodeIgniter\CodeIgniter->run()
 8 SYSTEMPATH/Commands/Server/rewrite.php(47): require_once('FCPATH/index.php')
CRITICAL - 2023-02-13 00:41:35 --> opendir(./pdf/root): failed to open dir: No such file or directory
in APPPATH/Controllers/ExplorerController.php on line 54.
 1 [internal function]: CodeIgniter\Debug\Exceptions->errorHandler()
 2 APPPATH/Controllers/ExplorerController.php(54): opendir()
 3 APPPATH/Controllers/ExplorerController.php(21): App\Controllers\ExplorerController::explore()
 4 SYSTEMPATH/CodeIgniter.php(934): App\Controllers\ExplorerController->getTree()
 5 SYSTEMPATH/CodeIgniter.php(499): CodeIgniter\CodeIgniter->runController()
 6 SYSTEMPATH/CodeIgniter.php(368): CodeIgniter\CodeIgniter->handleRequest()
 7 FCPATH/index.php(67): CodeIgniter\CodeIgniter->run()
 8 SYSTEMPATH/Commands/Server/rewrite.php(47): require_once('FCPATH/index.php')
CRITICAL - 2023-02-13 00:42:42 --> opendir(./pdf/root): failed to open dir: No such file or directory
in APPPATH/Controllers/ExplorerController.php on line 54.
 1 [internal function]: CodeIgniter\Debug\Exceptions->errorHandler()
 2 APPPATH/Controllers/ExplorerController.php(54): opendir()
 3 APPPATH/Controllers/ExplorerController.php(21): App\Controllers\ExplorerController::explore()
 4 SYSTEMPATH/CodeIgniter.php(934): App\Controllers\ExplorerController->getTree()
 5 SYSTEMPATH/CodeIgniter.php(499): CodeIgniter\CodeIgniter->runController()
 6 SYSTEMPATH/CodeIgniter.php(368): CodeIgniter\CodeIgniter->handleRequest()
 7 FCPATH/index.php(67): CodeIgniter\CodeIgniter->run()
 8 SYSTEMPATH/Commands/Server/rewrite.php(47): require_once('FCPATH/index.php')
CRITICAL - 2023-02-13 01:04:09 --> mkdir(): File exists
in SYSTEMPATH/HTTP/Files/UploadedFile.php on line 176.
 1 [internal function]: CodeIgniter\Debug\Exceptions->errorHandler()
 2 SYSTEMPATH/HTTP/Files/UploadedFile.php(176): mkdir()
 3 SYSTEMPATH/HTTP/Files/UploadedFile.php(130): CodeIgniter\HTTP\Files\UploadedFile->setPath()
 4 APPPATH/Controllers/ExplorerController.php(39): CodeIgniter\HTTP\Files\UploadedFile->move()
 5 SYSTEMPATH/CodeIgniter.php(934): App\Controllers\ExplorerController->addFile()
 6 SYSTEMPATH/CodeIgniter.php(499): CodeIgniter\CodeIgniter->runController()
 7 SYSTEMPATH/CodeIgniter.php(368): CodeIgniter\CodeIgniter->handleRequest()
 8 FCPATH/index.php(67): CodeIgniter\CodeIgniter->run()
 9 SYSTEMPATH/Commands/Server/rewrite.php(47): require_once('FCPATH/index.php')
CRITICAL - 2023-02-13 01:04:11 --> mkdir(): File exists
in SYSTEMPATH/HTTP/Files/UploadedFile.php on line 176.
 1 [internal function]: CodeIgniter\Debug\Exceptions->errorHandler()
 2 SYSTEMPATH/HTTP/Files/UploadedFile.php(176): mkdir()
 3 SYSTEMPATH/HTTP/Files/UploadedFile.php(130): CodeIgniter\HTTP\Files\UploadedFile->setPath()
 4 APPPATH/Controllers/ExplorerController.php(39): CodeIgniter\HTTP\Files\UploadedFile->move()
 5 SYSTEMPATH/CodeIgniter.php(934): App\Controllers\ExplorerController->addFile()
 6 SYSTEMPATH/CodeIgniter.php(499): CodeIgniter\CodeIgniter->runController()
 7 SYSTEMPATH/CodeIgniter.php(368): CodeIgniter\CodeIgniter->handleRequest()
 8 FCPATH/index.php(67): CodeIgniter\CodeIgniter->run()
 9 SYSTEMPATH/Commands/Server/rewrite.php(47): require_once('FCPATH/index.php')
CRITICAL - 2023-02-13 01:04:27 --> mkdir(): File exists
in SYSTEMPATH/HTTP/Files/UploadedFile.php on line 176.
 1 [internal function]: CodeIgniter\Debug\Exceptions->errorHandler()
 2 SYSTEMPATH/HTTP/Files/UploadedFile.php(176): mkdir()
 3 SYSTEMPATH/HTTP/Files/UploadedFile.php(130): CodeIgniter\HTTP\Files\UploadedFile->setPath()
 4 APPPATH/Controllers/ExplorerController.php(39): CodeIgniter\HTTP\Files\UploadedFile->move()
 5 SYSTEMPATH/CodeIgniter.php(934): App\Controllers\ExplorerController->addFile()
 6 SYSTEMPATH/CodeIgniter.php(499): CodeIgniter\CodeIgniter->runController()
 7 SYSTEMPATH/CodeIgniter.php(368): CodeIgniter\CodeIgniter->handleRequest()
 8 FCPATH/index.php(67): CodeIgniter\CodeIgniter->run()
 9 SYSTEMPATH/Commands/Server/rewrite.php(47): require_once('FCPATH/index.php')
CRITICAL - 2023-02-13 01:04:32 --> mkdir(): File exists
in SYSTEMPATH/HTTP/Files/UploadedFile.php on line 176.
 1 [internal function]: CodeIgniter\Debug\Exceptions->errorHandler()
 2 SYSTEMPATH/HTTP/Files/UploadedFile.php(176): mkdir()
 3 SYSTEMPATH/HTTP/Files/UploadedFile.php(130): CodeIgniter\HTTP\Files\UploadedFile->setPath()
 4 APPPATH/Controllers/ExplorerController.php(39): CodeIgniter\HTTP\Files\UploadedFile->move()
 5 SYSTEMPATH/CodeIgniter.php(934): App\Controllers\ExplorerController->addFile()
 6 SYSTEMPATH/CodeIgniter.php(499): CodeIgniter\CodeIgniter->runController()
 7 SYSTEMPATH/CodeIgniter.php(368): CodeIgniter\CodeIgniter->handleRequest()
 8 FCPATH/index.php(67): CodeIgniter\CodeIgniter->run()
 9 SYSTEMPATH/Commands/Server/rewrite.php(47): require_once('FCPATH/index.php')
CRITICAL - 2023-02-13 01:04:55 --> mkdir(): File exists
in SYSTEMPATH/HTTP/Files/UploadedFile.php on line 176.
 1 [internal function]: CodeIgniter\Debug\Exceptions->errorHandler()
 2 SYSTEMPATH/HTTP/Files/UploadedFile.php(176): mkdir()
 3 SYSTEMPATH/HTTP/Files/UploadedFile.php(130): CodeIgniter\HTTP\Files\UploadedFile->setPath()
 4 APPPATH/Controllers/ExplorerController.php(39): CodeIgniter\HTTP\Files\UploadedFile->move()
 5 SYSTEMPATH/CodeIgniter.php(934): App\Controllers\ExplorerController->addFile()
 6 SYSTEMPATH/CodeIgniter.php(499): CodeIgniter\CodeIgniter->runController()
 7 SYSTEMPATH/CodeIgniter.php(368): CodeIgniter\CodeIgniter->handleRequest()
 8 FCPATH/index.php(67): CodeIgniter\CodeIgniter->run()
 9 SYSTEMPATH/Commands/Server/rewrite.php(47): require_once('FCPATH/index.php')
CRITICAL - 2023-02-13 01:05:02 --> opendir(./pdf/root): failed to open dir: No such file or directory
in APPPATH/Controllers/ExplorerController.php on line 56.
 1 [internal function]: CodeIgniter\Debug\Exceptions->errorHandler()
 2 APPPATH/Controllers/ExplorerController.php(56): opendir()
 3 APPPATH/Controllers/ExplorerController.php(21): App\Controllers\ExplorerController::explore()
 4 SYSTEMPATH/CodeIgniter.php(934): App\Controllers\ExplorerController->getTree()
 5 SYSTEMPATH/CodeIgniter.php(499): CodeIgniter\CodeIgniter->runController()
 6 SYSTEMPATH/CodeIgniter.php(368): CodeIgniter\CodeIgniter->handleRequest()
 7 FCPATH/index.php(67): CodeIgniter\CodeIgniter->run()
 8 SYSTEMPATH/Commands/Server/rewrite.php(47): require_once('FCPATH/index.php')
CRITICAL - 2023-02-13 01:05:14 --> mkdir(): File exists
in SYSTEMPATH/HTTP/Files/UploadedFile.php on line 176.
 1 [internal function]: CodeIgniter\Debug\Exceptions->errorHandler()
 2 SYSTEMPATH/HTTP/Files/UploadedFile.php(176): mkdir()
 3 SYSTEMPATH/HTTP/Files/UploadedFile.php(130): CodeIgniter\HTTP\Files\UploadedFile->setPath()
 4 APPPATH/Controllers/ExplorerController.php(39): CodeIgniter\HTTP\Files\UploadedFile->move()
 5 SYSTEMPATH/CodeIgniter.php(934): App\Controllers\ExplorerController->addFile()
 6 SYSTEMPATH/CodeIgniter.php(499): CodeIgniter\CodeIgniter->runController()
 7 SYSTEMPATH/CodeIgniter.php(368): CodeIgniter\CodeIgniter->handleRequest()
 8 FCPATH/index.php(67): CodeIgniter\CodeIgniter->run()
 9 SYSTEMPATH/Commands/Server/rewrite.php(47): require_once('FCPATH/index.php')
CRITICAL - 2023-02-13 01:07:07 --> mkdir(): File exists
in SYSTEMPATH/HTTP/Files/UploadedFile.php on line 176.
 1 [internal function]: CodeIgniter\Debug\Exceptions->errorHandler()
 2 SYSTEMPATH/HTTP/Files/UploadedFile.php(176): mkdir()
 3 SYSTEMPATH/HTTP/Files/UploadedFile.php(130): CodeIgniter\HTTP\Files\UploadedFile->setPath()
 4 APPPATH/Controllers/ExplorerController.php(39): CodeIgniter\HTTP\Files\UploadedFile->move()
 5 SYSTEMPATH/CodeIgniter.php(934): App\Controllers\ExplorerController->addFile()
 6 SYSTEMPATH/CodeIgniter.php(499): CodeIgniter\CodeIgniter->runController()
 7 SYSTEMPATH/CodeIgniter.php(368): CodeIgniter\CodeIgniter->handleRequest()
 8 FCPATH/index.php(67): CodeIgniter\CodeIgniter->run()
 9 SYSTEMPATH/Commands/Server/rewrite.php(47): require_once('FCPATH/index.php')
CRITICAL - 2023-02-13 01:07:11 --> mkdir(): File exists
in SYSTEMPATH/HTTP/Files/UploadedFile.php on line 176.
 1 [internal function]: CodeIgniter\Debug\Exceptions->errorHandler()
 2 SYSTEMPATH/HTTP/Files/UploadedFile.php(176): mkdir()
 3 SYSTEMPATH/HTTP/Files/UploadedFile.php(130): CodeIgniter\HTTP\Files\UploadedFile->setPath()
 4 APPPATH/Controllers/ExplorerController.php(39): CodeIgniter\HTTP\Files\UploadedFile->move()
 5 SYSTEMPATH/CodeIgniter.php(934): App\Controllers\ExplorerController->addFile()
 6 SYSTEMPATH/CodeIgniter.php(499): CodeIgniter\CodeIgniter->runController()
 7 SYSTEMPATH/CodeIgniter.php(368): CodeIgniter\CodeIgniter->handleRequest()
 8 FCPATH/index.php(67): CodeIgniter\CodeIgniter->run()
 9 SYSTEMPATH/Commands/Server/rewrite.php(47): require_once('FCPATH/index.php')
CRITICAL - 2023-02-13 01:08:00 --> mkdir(): File exists
in SYSTEMPATH/HTTP/Files/UploadedFile.php on line 176.
 1 [internal function]: CodeIgniter\Debug\Exceptions->errorHandler()
 2 SYSTEMPATH/HTTP/Files/UploadedFile.php(176): mkdir()
 3 SYSTEMPATH/HTTP/Files/UploadedFile.php(130): CodeIgniter\HTTP\Files\UploadedFile->setPath()
 4 APPPATH/Controllers/ExplorerController.php(39): CodeIgniter\HTTP\Files\UploadedFile->move()
 5 SYSTEMPATH/CodeIgniter.php(934): App\Controllers\ExplorerController->addFile()
 6 SYSTEMPATH/CodeIgniter.php(499): CodeIgniter\CodeIgniter->runController()
 7 SYSTEMPATH/CodeIgniter.php(368): CodeIgniter\CodeIgniter->handleRequest()
 8 FCPATH/index.php(67): CodeIgniter\CodeIgniter->run()
 9 SYSTEMPATH/Commands/Server/rewrite.php(47): require_once('FCPATH/index.php')
CRITICAL - 2023-02-13 01:08:10 --> mkdir(): File exists
in SYSTEMPATH/HTTP/Files/UploadedFile.php on line 176.
 1 [internal function]: CodeIgniter\Debug\Exceptions->errorHandler()
 2 SYSTEMPATH/HTTP/Files/UploadedFile.php(176): mkdir()
 3 SYSTEMPATH/HTTP/Files/UploadedFile.php(130): CodeIgniter\HTTP\Files\UploadedFile->setPath()
 4 APPPATH/Controllers/ExplorerController.php(39): CodeIgniter\HTTP\Files\UploadedFile->move()
 5 SYSTEMPATH/CodeIgniter.php(934): App\Controllers\ExplorerController->addFile()
 6 SYSTEMPATH/CodeIgniter.php(499): CodeIgniter\CodeIgniter->runController()
 7 SYSTEMPATH/CodeIgniter.php(368): CodeIgniter\CodeIgniter->handleRequest()
 8 FCPATH/index.php(67): CodeIgniter\CodeIgniter->run()
 9 SYSTEMPATH/Commands/Server/rewrite.php(47): require_once('FCPATH/index.php')
